<?xml version="1.0" encoding="UTF-8"?>
<!-- Generated by org.testng.reporters.JUnitXMLReporter -->
<testsuite ignored="0" hostname="DESKTOP-L1TJJR1" failures="0" tests="3" name="Test2" time="0.093" errors="0" timestamp="2023-01-24T23:32:10 IST">
  <testcase classname="com.parallel.TestClass2" name="testmethod1" time="0.017"/>
  <testcase classname="com.parallel.TestClass2" name="testmethod2" time="0.003"/>
  <testcase classname="com.parallel.TestClass2" name="testmethod3" time="0.005"/>
</testsuite> <!-- Test2 -->
