<?xml version="1.0" encoding="UTF-8"?>
<!-- Generated by org.testng.reporters.JUnitXMLReporter -->
<testsuite ignored="0" hostname="DESKTOP-L1TJJR1" failures="1" tests="3" name="Test" time="0.079" errors="0" timestamp="2023-01-25T16:15:01 IST">
  <testcase classname="com.demo.listeners.NewTest1" name="test4" time="0.013">
    <failure type="java.lang.AssertionError" message="expected [true] but found [false]">
      <![CDATA[java.lang.AssertionError: expected [true] but found [false]
at com.demo.listeners.NewTest1.test4(NewTest1.java:15)
at java.base/java.util.ArrayList.forEach(ArrayList.java:1511)
... Removed 31 stack frames]]>
    </failure>
  </testcase> <!-- test4 -->
  <testcase classname="com.demo.listeners.NewTest1" name="test5" time="0.006"/>
  <testcase classname="com.demo.listeners.NewTest1" name="test6" time="0.001"/>
</testsuite> <!-- Test -->
