<?xml version="1.0" encoding="UTF-8"?>
<!-- Generated by org.testng.reporters.JUnitXMLReporter -->
<testsuite ignored="0" hostname="DESKTOP-L1TJJR1" failures="1" tests="3" name="Google" time="19.529" errors="0" timestamp="2023-01-16T23:05:59 IST">
  <testcase classname="com.demo.testNG.FirstTest$B" name="btest1" time="0.004"/>
  <testcase classname="com.demo.testNG.FirstTest" name="faceBookLogin" time="8.241">
    <failure type="java.lang.AssertionError" message="The following asserts failed:
	verify border expected [1px solid rgb(240, 40, 73)] but found [0.571429px solid rgb(240, 40, 73)]">
      <![CDATA[java.lang.AssertionError: The following asserts failed:
verify border expected [1px solid rgb(240, 40, 73)] but found [0.571429px solid rgb(240, 40, 73)]
at com.demo.testNG.FirstTest.faceBookLogin(FirstTest.java:83)
at java.base/java.util.ArrayList.forEach(ArrayList.java:1511)
... Removed 29 stack frames]]>
    </failure>
  </testcase> <!-- faceBookLogin -->
  <testcase classname="com.demo.testNG.FirstTest" name="openGoogle" time="11.27"/>
</testsuite> <!-- Google -->
