<?xml version="1.0" encoding="UTF-8"?>
<!-- Generated by org.testng.reporters.JUnitXMLReporter -->
<testsuite ignored="2" hostname="DESKTOP-L1TJJR1" failures="0" tests="3" name="OrangeHRMLogin" time="36.499" errors="0" timestamp="2023-01-16T23:05:40 IST">
  <testcase classname="com.demo.testNG.OrangeHRM" name="launchApp" time="9.195"/>
  <testcase classname="com.demo.testNG.OrangeHRM" name="enterLoginDetails" time="19.004"/>
  <testcase classname="com.demo.testNG.OrangeHRM" name="verifyLogin" time="5.127"/>
  <testcase classname="com.demo.testNG.OrangeHRM" name="verifyMyInfo" time="0.0">
    <ignored/>
  </testcase> <!-- verifyMyInfo -->
  <testcase classname="com.demo.testNG.OrangeHRM" name="navigateToMyInfo" time="0.0">
    <ignored/>
  </testcase> <!-- navigateToMyInfo -->
</testsuite> <!-- OrangeHRMLogin -->
