<?xml version="1.0" encoding="UTF-8"?>
<testng-results ignored="2" total="2" passed="0" failed="0" skipped="0">
  <reporter-output>
  </reporter-output>
  <suite started-at="2023-02-21T16:05:23 IST" name="Default suite" finished-at="2023-02-21T16:05:23 IST" duration-ms="16">
    <groups>
    </groups>
    <test started-at="2023-02-21T16:05:23 IST" name="Default test" finished-at="2023-02-21T16:05:23 IST" duration-ms="16">
    </test> <!-- Default test -->
  </suite> <!-- Default suite -->
</testng-results>
